<?xml version="1.0" encoding="UTF-8"?>
<!-- Generated by org.testng.reporters.JUnitXMLReporter -->
<testsuite hostname="IN5CG4525JV9" ignored="0" name="Default test" tests="3" failures="0" timestamp="20 Feb 2019 09:50:41 GMT" time="19.818" errors="0">
  <testcase name="startApp" time="4.978" classname="testNGtutorials.MyApplicationRealTime"/>
  <testcase name="loginApp" time="2.873" classname="testNGtutorials.MyApplicationRealTime"/>
  <testcase name="logoutApp" time="3.083" classname="testNGtutorials.MyApplicationRealTime"/>
</testsuite> <!-- Default test -->
