<?xml version="1.0" encoding="UTF-8"?>
<!-- Generated by org.testng.reporters.JUnitXMLReporter -->
<testsuite hostname="IN5CG4525JV9" ignored="0" name="Test" tests="3" failures="0" timestamp="14 Nov 2018 07:15:38 GMT" time="21.95" errors="0">
  <testcase name="startApp" time="7.268" classname="testNGtutorials.MyApplicationRealTime"/>
  <testcase name="loginApp" time="4.364" classname="testNGtutorials.MyApplicationRealTime"/>
  <testcase name="logoutApp" time="2.989" classname="testNGtutorials.MyApplicationRealTime"/>
</testsuite> <!-- Test -->
