<?xml version="1.0" encoding="UTF-8"?>
<testng-results skipped="0" failed="0" ignored="0" total="3" passed="3">
  <reporter-output>
  </reporter-output>
  <suite name="Default suite" duration-ms="19818" started-at="2019-02-20T09:50:21Z" finished-at="2019-02-20T09:50:41Z">
    <groups>
    </groups>
    <test name="Default test" duration-ms="19818" started-at="2019-02-20T09:50:21Z" finished-at="2019-02-20T09:50:41Z">
      <class name="testNGtutorials.MyApplicationRealTime">
        <test-method status="PASS" signature="startBrowser()[pri:0, instance:testNGtutorials.MyApplicationRealTime@307f6b8c]" name="startBrowser" is-config="true" duration-ms="7344" started-at="2019-02-20T09:50:21Z" finished-at="2019-02-20T09:50:28Z">
          <reporter-output>
          </reporter-output>
        </test-method> <!-- startBrowser -->
        <test-method status="PASS" signature="startApp()[pri:0, instance:testNGtutorials.MyApplicationRealTime@307f6b8c]" name="startApp" duration-ms="4978" started-at="2019-02-20T09:50:29Z" finished-at="2019-02-20T09:50:33Z">
          <reporter-output>
          </reporter-output>
        </test-method> <!-- startApp -->
        <test-method status="PASS" signature="loginApp()[pri:0, instance:testNGtutorials.MyApplicationRealTime@307f6b8c]" name="loginApp" duration-ms="2873" started-at="2019-02-20T09:50:33Z" depends-on-methods="testNGtutorials.MyApplicationRealTime.startApp" finished-at="2019-02-20T09:50:36Z">
          <reporter-output>
          </reporter-output>
        </test-method> <!-- loginApp -->
        <test-method status="PASS" signature="logoutApp()[pri:0, instance:testNGtutorials.MyApplicationRealTime@307f6b8c]" name="logoutApp" duration-ms="3083" started-at="2019-02-20T09:50:36Z" depends-on-methods="testNGtutorials.MyApplicationRealTime.loginApp" finished-at="2019-02-20T09:50:39Z">
          <reporter-output>
          </reporter-output>
        </test-method> <!-- logoutApp -->
        <test-method status="PASS" signature="closeBrowser()[pri:0, instance:testNGtutorials.MyApplicationRealTime@307f6b8c]" name="closeBrowser" is-config="true" duration-ms="1471" started-at="2019-02-20T09:50:39Z" finished-at="2019-02-20T09:50:41Z">
          <reporter-output>
          </reporter-output>
        </test-method> <!-- closeBrowser -->
      </class> <!-- testNGtutorials.MyApplicationRealTime -->
    </test> <!-- Default test -->
  </suite> <!-- Default suite -->
</testng-results>
